2025-01-29 04:37:32 [INFO] CPU Usage: 6.8%
RAM Usage: 41.6% (9.85GB / 23.69GB)
Swap Usage: 2.0% (0.08GB / 3.88GB)
GPU Usage: 1% (1590MB / 11264MB)
GPU Temp: 40°C
FFmpeg Processes: 0 running
------------------------------
2025-01-29 04:37:38 [INFO] CPU Usage: 3.4%
RAM Usage: 41.4% (9.81GB / 23.69GB)
Swap Usage: 2.0% (0.08GB / 3.88GB)
GPU Usage: 0% (1602MB / 11264MB)
GPU Temp: 39°C
FFmpeg Processes: 0 running
------------------------------
2025-01-29 04:37:45 [INFO] CPU Usage: 2.5%
RAM Usage: 41.4% (9.8GB / 23.69GB)
Swap Usage: 2.0% (0.08GB / 3.88GB)
GPU Usage: 0% (1570MB / 11264MB)
GPU Temp: 39°C
FFmpeg Processes: 0 running
------------------------------
2025-01-29 04:37:51 [INFO] CPU Usage: 1.8%
RAM Usage: 41.4% (9.8GB / 23.69GB)
Swap Usage: 2.0% (0.08GB / 3.88GB)
GPU Usage: 0% (1547MB / 11264MB)
GPU Temp: 40°C
FFmpeg Processes: 0 running
------------------------------
2025-01-29 04:37:58 [INFO] CPU Usage: 7.6%
RAM Usage: 41.4% (9.8GB / 23.69GB)
Swap Usage: 2.0% (0.08GB / 3.88GB)
GPU Usage: 3% (1552MB / 11264MB)
GPU Temp: 40°C
FFmpeg Processes: 0 running
------------------------------
2025-01-29 04:38:05 [INFO] CPU Usage: 6.2%
RAM Usage: 41.4% (9.81GB / 23.69GB)
Swap Usage: 2.0% (0.08GB / 3.88GB)
GPU Usage: 0% (1552MB / 11264MB)
GPU Temp: 39°C
FFmpeg Processes: 0 running
------------------------------
2025-01-29 04:38:11 [INFO] CPU Usage: 2.0%
RAM Usage: 41.4% (9.81GB / 23.69GB)
Swap Usage: 2.0% (0.08GB / 3.88GB)
GPU Usage: 0% (1568MB / 11264MB)
GPU Temp: 40°C
FFmpeg Processes: 0 running
------------------------------
2025-01-29 04:38:18 [INFO] CPU Usage: 5.0%
RAM Usage: 41.7% (9.87GB / 23.69GB)
Swap Usage: 2.0% (0.08GB / 3.88GB)
GPU Usage: 1% (1592MB / 11264MB)
GPU Temp: 40°C
FFmpeg Processes: 0 running
------------------------------
2025-01-29 04:38:24 [INFO] CPU Usage: 4.1%
RAM Usage: 41.7% (9.87GB / 23.69GB)
Swap Usage: 2.0% (0.08GB / 3.88GB)
GPU Usage: 0% (1479MB / 11264MB)
GPU Temp: 40°C
FFmpeg Processes: 0 running
------------------------------
2025-01-29 04:38:31 [INFO] CPU Usage: 3.8%
RAM Usage: 41.6% (9.86GB / 23.69GB)
Swap Usage: 2.0% (0.08GB / 3.88GB)
GPU Usage: 0% (1479MB / 11264MB)
GPU Temp: 40°C
FFmpeg Processes: 0 running
------------------------------
2025-01-29 04:38:38 [INFO] CPU Usage: 14.2%
RAM Usage: 41.7% (9.87GB / 23.69GB)
Swap Usage: 2.0% (0.08GB / 3.88GB)
GPU Usage: 0% (1479MB / 11264MB)
GPU Temp: 40°C
FFmpeg Processes: 0 running
------------------------------
2025-01-29 04:38:44 [INFO] CPU Usage: 25.0%
RAM Usage: 41.8% (9.9GB / 23.69GB)
Swap Usage: 2.0% (0.08GB / 3.88GB)
GPU Usage: 11% (1641MB / 11264MB)
GPU Temp: 40°C
FFmpeg Processes: 0 running
------------------------------
2025-01-29 04:38:51 [INFO] CPU Usage: 32.1%
RAM Usage: 41.8% (9.89GB / 23.69GB)
Swap Usage: 2.0% (0.08GB / 3.88GB)
GPU Usage: 0% (1573MB / 11264MB)
GPU Temp: 40°C
FFmpeg Processes: 0 running
------------------------------
2025-01-29 04:38:57 [INFO] CPU Usage: 33.2%
RAM Usage: 41.8% (9.89GB / 23.69GB)
Swap Usage: 2.0% (0.08GB / 3.88GB)
GPU Usage: 13% (1528MB / 11264MB)
GPU Temp: 40°C
FFmpeg Processes: 0 running
------------------------------
2025-01-29 04:39:04 [INFO] CPU Usage: 29.0%
RAM Usage: 41.8% (9.9GB / 23.69GB)
Swap Usage: 2.0% (0.08GB / 3.88GB)
GPU Usage: 3% (1587MB / 11264MB)
GPU Temp: 40°C
FFmpeg Processes: 0 running
------------------------------
2025-01-29 04:39:11 [INFO] CPU Usage: 27.6%
RAM Usage: 41.8% (9.91GB / 23.69GB)
Swap Usage: 2.0% (0.08GB / 3.88GB)
GPU Usage: 3% (1543MB / 11264MB)
GPU Temp: 40°C
FFmpeg Processes: 0 running
------------------------------
2025-01-29 04:39:17 [INFO] CPU Usage: 28.4%
RAM Usage: 41.6% (9.85GB / 23.69GB)
Swap Usage: 2.0% (0.08GB / 3.88GB)
GPU Usage: 0% (1583MB / 11264MB)
GPU Temp: 40°C
FFmpeg Processes: 0 running
------------------------------
2025-01-29 04:39:24 [INFO] CPU Usage: 27.4%
RAM Usage: 41.6% (9.86GB / 23.69GB)
Swap Usage: 2.0% (0.08GB / 3.88GB)
GPU Usage: 2% (1586MB / 11264MB)
GPU Temp: 40°C
FFmpeg Processes: 0 running
------------------------------
2025-01-29 04:39:30 [INFO] CPU Usage: 34.8%
RAM Usage: 41.7% (9.88GB / 23.69GB)
Swap Usage: 2.0% (0.08GB / 3.88GB)
GPU Usage: 2% (1549MB / 11264MB)
GPU Temp: 40°C
FFmpeg Processes: 0 running
------------------------------
2025-01-29 04:39:37 [INFO] CPU Usage: 14.1%
RAM Usage: 41.9% (9.92GB / 23.69GB)
Swap Usage: 2.0% (0.08GB / 3.88GB)
GPU Usage: 5% (1562MB / 11264MB)
GPU Temp: 40°C
FFmpeg Processes: 0 running
------------------------------
2025-01-29 04:39:44 [INFO] CPU Usage: 34.4%
RAM Usage: 41.8% (9.89GB / 23.69GB)
Swap Usage: 2.0% (0.08GB / 3.88GB)
GPU Usage: 13% (1735MB / 11264MB)
GPU Temp: 40°C
FFmpeg Processes: 0 running
------------------------------
2025-01-29 04:39:50 [INFO] CPU Usage: 32.2%
RAM Usage: 41.8% (9.9GB / 23.69GB)
Swap Usage: 2.0% (0.08GB / 3.88GB)
GPU Usage: 9% (1652MB / 11264MB)
GPU Temp: 40°C
FFmpeg Processes: 0 running
------------------------------
2025-01-29 04:39:57 [INFO] CPU Usage: 40.6%
RAM Usage: 41.8% (9.9GB / 23.69GB)
Swap Usage: 2.0% (0.08GB / 3.88GB)
GPU Usage: 4% (1549MB / 11264MB)
GPU Temp: 40°C
FFmpeg Processes: 0 running
------------------------------
2025-01-29 04:40:03 [INFO] CPU Usage: 16.0%
RAM Usage: 41.8% (9.9GB / 23.69GB)
Swap Usage: 2.0% (0.08GB / 3.88GB)
GPU Usage: 0% (1647MB / 11264MB)
GPU Temp: 40°C
FFmpeg Processes: 0 running
------------------------------
2025-01-29 04:40:10 [INFO] CPU Usage: 12.7%
RAM Usage: 41.8% (9.9GB / 23.69GB)
Swap Usage: 2.0% (0.08GB / 3.88GB)
GPU Usage: 0% (1535MB / 11264MB)
GPU Temp: 39°C
FFmpeg Processes: 0 running
------------------------------
2025-01-29 04:40:17 [INFO] CPU Usage: 14.9%
RAM Usage: 41.8% (9.9GB / 23.69GB)
Swap Usage: 2.0% (0.08GB / 3.88GB)
GPU Usage: 1% (1527MB / 11264MB)
GPU Temp: 40°C
FFmpeg Processes: 0 running
------------------------------
2025-01-29 04:40:23 [INFO] CPU Usage: 14.7%
RAM Usage: 41.8% (9.9GB / 23.69GB)
Swap Usage: 2.0% (0.08GB / 3.88GB)
GPU Usage: 0% (1580MB / 11264MB)
GPU Temp: 40°C
FFmpeg Processes: 0 running
------------------------------
2025-01-29 04:40:30 [INFO] CPU Usage: 18.7%
RAM Usage: 41.8% (9.9GB / 23.69GB)
Swap Usage: 2.0% (0.08GB / 3.88GB)
GPU Usage: 0% (1496MB / 11264MB)
GPU Temp: 40°C
FFmpeg Processes: 0 running
------------------------------
2025-01-29 04:40:36 [INFO] CPU Usage: 22.2%
RAM Usage: 41.9% (9.92GB / 23.69GB)
Swap Usage: 2.0% (0.08GB / 3.88GB)
GPU Usage: 0% (1494MB / 11264MB)
GPU Temp: 40°C
FFmpeg Processes: 0 running
------------------------------
2025-01-29 04:40:43 [INFO] CPU Usage: 36.6%
RAM Usage: 41.9% (9.93GB / 23.69GB)
Swap Usage: 2.0% (0.08GB / 3.88GB)
GPU Usage: 16% (1578MB / 11264MB)
GPU Temp: 40°C
FFmpeg Processes: 0 running
------------------------------
2025-01-29 04:40:49 [INFO] CPU Usage: 37.1%
RAM Usage: 42.0% (9.94GB / 23.69GB)
Swap Usage: 2.0% (0.08GB / 3.88GB)
GPU Usage: 2% (1546MB / 11264MB)
GPU Temp: 40°C
FFmpeg Processes: 0 running
------------------------------
2025-01-29 04:40:56 [INFO] CPU Usage: 37.0%
RAM Usage: 42.0% (9.94GB / 23.69GB)
Swap Usage: 2.0% (0.08GB / 3.88GB)
GPU Usage: 2% (1574MB / 11264MB)
GPU Temp: 40°C
FFmpeg Processes: 0 running
------------------------------
2025-01-29 04:41:03 [INFO] CPU Usage: 28.5%
RAM Usage: 41.6% (9.86GB / 23.69GB)
Swap Usage: 2.0% (0.08GB / 3.88GB)
GPU Usage: 13% (1609MB / 11264MB)
GPU Temp: 40°C
FFmpeg Processes: 0 running
------------------------------
